<<<<<<< HEAD
﻿E:\Visual Studio\MSBuild\Microsoft\VC\v170\Microsoft.CppBuild.targets(531,5): warning MSB8028: 中间目录(x64\Release\)包含从另一个项目(Lab1_server.vcxproj)共享的文件。   这会导致错误的清除和重新生成行为。
  send.cpp
D:\File\Computer_Network\lab3\3-1\src\UDPsend\send.cpp(56,13): warning C4101: “sum”: 未引用的局部变量
D:\File\Computer_Network\lab3\3-1\src\UDPsend\send.cpp(254,13): warning C4101: “sum”: 未引用的局部变量
D:\File\Computer_Network\lab3\3-1\src\UDPsend\send.cpp(376,78): warning C4267: “参数”: 从“size_t”转换到“int”，可能丢失数据
  正在生成代码
  Previous IPDB and IOBJ mismatch, fall back to full compilation.
  All 157 functions were compiled because no usable IPDB/IOBJ from previous compilation was found.
=======
﻿  send.cpp
D:\文件\计算机网络\lab3\3-1\src\UDPsend\send.cpp(1,1): warning C4819: 该文件包含不能在当前代码页(936)中表示的字符。请将该文件保存为 Unicode 格式以防止数据丢失
D:\文件\计算机网络\lab3\3-1\src\UDPsend\send.cpp(214,24): warning C4244: “=”: 从“std::streamoff”转换到“int”，可能丢失数据
D:\文件\计算机网络\lab3\3-1\src\UDPsend\send.cpp(224,5): warning C4996: 'strcat': This function or variable may be unsafe. Consider using strcat_s instead. To disable deprecation, use _CRT_SECURE_NO_WARNINGS. See online help for details.
D:\文件\计算机网络\lab3\3-1\src\UDPsend\send.cpp(230,5): warning C4996: 'strcat': This function or variable may be unsafe. Consider using strcat_s instead. To disable deprecation, use _CRT_SECURE_NO_WARNINGS. See online help for details.
D:\文件\计算机网络\lab3\3-1\src\UDPsend\send.cpp(445,32): warning C4996: 'inet_addr': Use inet_pton() or InetPton() instead or define _WINSOCK_DEPRECATED_NO_WARNINGS to disable deprecated API warnings
D:\文件\计算机网络\lab3\3-1\src\UDPsend\send.cpp(448,32): warning C4996: 'inet_addr': Use inet_pton() or InetPton() instead or define _WINSOCK_DEPRECATED_NO_WARNINGS to disable deprecated API warnings
  正在生成代码
  5 of 246 functions ( 2.0%) were compiled, the rest were copied from previous compilation.
    0 functions were new in current compilation
    0 functions had inline decision re-evaluated but remain unchanged
>>>>>>> 3e47a6b2561d05b8b079c9439f659d5a50a4cc84
  已完成代码的生成
  Lab1_server.vcxproj -> D:\File\Computer_Network\lab1\Lab1_server\x64\Release\Send.exe
